<?xml version="1.0" encoding="UTF-8"?>
<!-- Generated by org.testng.reporters.JUnitReportReporter -->
<testsuite hostname="DESKTOP-TDL1K53" failures="0" tests="3" name="com.orange.qa.test.orange_loginPageTest" time="44.388" errors="0" timestamp="12 Mar 2021 15:44:20 GMT" skipped="0">
  <testcase classname="com.orange.qa.test.orange_loginPageTest" name="verifylinksavailableonloginpageTest" time="14.894"/>
  <testcase classname="com.orange.qa.test.orange_loginPageTest" name="VerifyLoginSuccessfullytest" time="15.657"/>
  <testcase classname="com.orange.qa.test.orange_loginPageTest" name="validateLoginPageTitletest" time="13.837"/>
</testsuite> <!-- com.orange.qa.test.orange_loginPageTest -->
